2021-12-10 00:02:16.671  INFO 12224 --- [SpringApplicationShutdownHook] j.LocalContainerEntityManagerFactoryBean : Closing JPA EntityManagerFactory for persistence unit 'default'
2021-12-10 00:02:16.675  INFO 12224 --- [SpringApplicationShutdownHook] .SchemaDropperImpl$DelayedDropActionImpl : HHH000477: Starting delayed evictData of schema as part of SessionFactory shut-down'
2021-12-10 00:02:16.792  INFO 12224 --- [SpringApplicationShutdownHook] com.zaxxer.hikari.HikariDataSource       : HikariPool-1 - Shutdown initiated...
2021-12-10 00:02:16.798  INFO 12224 --- [SpringApplicationShutdownHook] com.zaxxer.hikari.HikariDataSource       : HikariPool-1 - Shutdown completed.
2021-12-10 00:02:22.199  INFO 11324 --- [main] c.g.g.GestionOrquestasApplication        : Starting GestionOrquestasApplication using Java 1.8.0_302 on DESKTOP-VHDC6FE with PID 11324 (D:\Descargas\DP\gestion_orquestas\target\classes started by Dabeer in D:\Descargas\DP\gestion_orquestas)
2021-12-10 00:02:22.203  INFO 11324 --- [main] c.g.g.GestionOrquestasApplication        : No active profile set, falling back to default profiles: default
2021-12-10 00:02:22.986  INFO 11324 --- [main] .s.d.r.c.RepositoryConfigurationDelegate : Bootstrapping Spring Data JPA repositories in DEFAULT mode.
2021-12-10 00:02:23.110  INFO 11324 --- [main] .s.d.r.c.RepositoryConfigurationDelegate : Finished Spring Data repository scanning in 114 ms. Found 23 JPA repository interfaces.
2021-12-10 00:02:24.389  INFO 11324 --- [main] o.s.b.w.embedded.tomcat.TomcatWebServer  : Tomcat initialized with port(s): 8080 (http)
2021-12-10 00:02:24.406  INFO 11324 --- [main] o.apache.catalina.core.StandardService   : Starting service [Tomcat]
2021-12-10 00:02:24.406  INFO 11324 --- [main] org.apache.catalina.core.StandardEngine  : Starting Servlet engine: [Apache Tomcat/9.0.53]
2021-12-10 00:02:24.549  INFO 11324 --- [main] o.a.c.c.C.[Tomcat].[localhost].[/]       : Initializing Spring embedded WebApplicationContext
2021-12-10 00:02:24.550  INFO 11324 --- [main] w.s.c.ServletWebServerApplicationContext : Root WebApplicationContext: initialization completed in 2260 ms
2021-12-10 00:02:24.830  INFO 11324 --- [main] o.hibernate.jpa.internal.util.LogHelper  : HHH000204: Processing PersistenceUnitInfo [name: default]
2021-12-10 00:02:24.906  INFO 11324 --- [main] org.hibernate.Version                    : HHH000412: Hibernate ORM core version 5.4.32.Final
2021-12-10 00:02:25.199  INFO 11324 --- [main] o.hibernate.annotations.common.Version   : HCANN000001: Hibernate Commons Annotations {5.1.2.Final}
2021-12-10 00:02:25.330  INFO 11324 --- [main] com.zaxxer.hikari.HikariDataSource       : HikariPool-1 - Starting...
2021-12-10 00:02:25.579  INFO 11324 --- [main] com.zaxxer.hikari.HikariDataSource       : HikariPool-1 - Start completed.
2021-12-10 00:02:25.603  INFO 11324 --- [main] org.hibernate.dialect.Dialect            : HHH000400: Using dialect: org.hibernate.dialect.PostgreSQL95Dialect
2021-12-10 00:02:26.152  WARN 11324 --- [main] org.hibernate.mapping.RootClass          : HHH000038: Composite-id class does not override equals(): com.gruposei.gestion_orquestas.model.UserClothKey
2021-12-10 00:02:26.152  WARN 11324 --- [main] org.hibernate.mapping.RootClass          : HHH000039: Composite-id class does not override hashCode(): com.gruposei.gestion_orquestas.model.UserClothKey
2021-12-10 00:02:26.153  WARN 11324 --- [main] org.hibernate.mapping.RootClass          : HHH000038: Composite-id class does not override equals(): com.gruposei.gestion_orquestas.model.SurveyQuestionAnswerKey
2021-12-10 00:02:26.153  WARN 11324 --- [main] org.hibernate.mapping.RootClass          : HHH000039: Composite-id class does not override hashCode(): com.gruposei.gestion_orquestas.model.SurveyQuestionAnswerKey
2021-12-10 00:02:26.160  WARN 11324 --- [main] org.hibernate.mapping.RootClass          : HHH000038: Composite-id class does not override equals(): com.gruposei.gestion_orquestas.model.SurveyQuestionOptionAnswerKey
2021-12-10 00:02:26.160  WARN 11324 --- [main] org.hibernate.mapping.RootClass          : HHH000039: Composite-id class does not override hashCode(): com.gruposei.gestion_orquestas.model.SurveyQuestionOptionAnswerKey
2021-12-10 00:02:26.814  WARN 11324 --- [main] o.h.engine.jdbc.spi.SqlExceptionHelper   : SQL Warning Code: 0, SQLState: 00000
2021-12-10 00:02:26.814  WARN 11324 --- [main] o.h.engine.jdbc.spi.SqlExceptionHelper   : no existe la relación «clothe_scales», omitiendo
2021-12-10 00:02:26.815  WARN 11324 --- [main] o.h.engine.jdbc.spi.SqlExceptionHelper   : SQL Warning Code: 0, SQLState: 00000
2021-12-10 00:02:26.815  WARN 11324 --- [main] o.h.engine.jdbc.spi.SqlExceptionHelper   : no existe la relación «clothes», omitiendo
2021-12-10 00:02:26.815  WARN 11324 --- [main] o.h.engine.jdbc.spi.SqlExceptionHelper   : SQL Warning Code: 0, SQLState: 00000
2021-12-10 00:02:26.816  WARN 11324 --- [main] o.h.engine.jdbc.spi.SqlExceptionHelper   : no existe la relación «musical_resources», omitiendo
2021-12-10 00:02:26.816  WARN 11324 --- [main] o.h.engine.jdbc.spi.SqlExceptionHelper   : SQL Warning Code: 0, SQLState: 00000
2021-12-10 00:02:26.816  WARN 11324 --- [main] o.h.engine.jdbc.spi.SqlExceptionHelper   : no existe la relación «musical_resources», omitiendo
2021-12-10 00:02:26.817  WARN 11324 --- [main] o.h.engine.jdbc.spi.SqlExceptionHelper   : SQL Warning Code: 0, SQLState: 00000
2021-12-10 00:02:26.817  WARN 11324 --- [main] o.h.engine.jdbc.spi.SqlExceptionHelper   : no existe la relación «news», omitiendo
2021-12-10 00:02:26.817  WARN 11324 --- [main] o.h.engine.jdbc.spi.SqlExceptionHelper   : SQL Warning Code: 0, SQLState: 00000
2021-12-10 00:02:26.817  WARN 11324 --- [main] o.h.engine.jdbc.spi.SqlExceptionHelper   : no existe la relación «news_content», omitiendo
2021-12-10 00:02:26.818  WARN 11324 --- [main] o.h.engine.jdbc.spi.SqlExceptionHelper   : SQL Warning Code: 0, SQLState: 00000
2021-12-10 00:02:26.818  WARN 11324 --- [main] o.h.engine.jdbc.spi.SqlExceptionHelper   : no existe la relación «news_content», omitiendo
2021-12-10 00:02:26.818  WARN 11324 --- [main] o.h.engine.jdbc.spi.SqlExceptionHelper   : SQL Warning Code: 0, SQLState: 00000
2021-12-10 00:02:26.818  WARN 11324 --- [main] o.h.engine.jdbc.spi.SqlExceptionHelper   : no existe la relación «songs», omitiendo
2021-12-10 00:02:26.819  WARN 11324 --- [main] o.h.engine.jdbc.spi.SqlExceptionHelper   : SQL Warning Code: 0, SQLState: 00000
2021-12-10 00:02:26.819  WARN 11324 --- [main] o.h.engine.jdbc.spi.SqlExceptionHelper   : no existe la relación «surveys», omitiendo
2021-12-10 00:02:26.819  WARN 11324 --- [main] o.h.engine.jdbc.spi.SqlExceptionHelper   : SQL Warning Code: 0, SQLState: 00000
2021-12-10 00:02:26.820  WARN 11324 --- [main] o.h.engine.jdbc.spi.SqlExceptionHelper   : no existe la relación «surveys», omitiendo
2021-12-10 00:02:26.820  WARN 11324 --- [main] o.h.engine.jdbc.spi.SqlExceptionHelper   : SQL Warning Code: 0, SQLState: 00000
2021-12-10 00:02:26.820  WARN 11324 --- [main] o.h.engine.jdbc.spi.SqlExceptionHelper   : no existe la relación «surveys_questions», omitiendo
2021-12-10 00:02:26.820  WARN 11324 --- [main] o.h.engine.jdbc.spi.SqlExceptionHelper   : SQL Warning Code: 0, SQLState: 00000
2021-12-10 00:02:26.821  WARN 11324 --- [main] o.h.engine.jdbc.spi.SqlExceptionHelper   : no existe la relación «surveys_questions», omitiendo
2021-12-10 00:02:26.821  WARN 11324 --- [main] o.h.engine.jdbc.spi.SqlExceptionHelper   : SQL Warning Code: 0, SQLState: 00000
2021-12-10 00:02:26.821  WARN 11324 --- [main] o.h.engine.jdbc.spi.SqlExceptionHelper   : no existe la relación «surveys_questions_answers», omitiendo
2021-12-10 00:02:26.821  WARN 11324 --- [main] o.h.engine.jdbc.spi.SqlExceptionHelper   : SQL Warning Code: 0, SQLState: 00000
2021-12-10 00:02:26.822  WARN 11324 --- [main] o.h.engine.jdbc.spi.SqlExceptionHelper   : no existe la relación «surveys_questions_answers», omitiendo
2021-12-10 00:02:26.822  WARN 11324 --- [main] o.h.engine.jdbc.spi.SqlExceptionHelper   : SQL Warning Code: 0, SQLState: 00000
2021-12-10 00:02:26.822  WARN 11324 --- [main] o.h.engine.jdbc.spi.SqlExceptionHelper   : no existe la relación «surveys_questions_options», omitiendo
2021-12-10 00:02:26.822  WARN 11324 --- [main] o.h.engine.jdbc.spi.SqlExceptionHelper   : SQL Warning Code: 0, SQLState: 00000
2021-12-10 00:02:26.823  WARN 11324 --- [main] o.h.engine.jdbc.spi.SqlExceptionHelper   : no existe la relación «surveys_questions_options_answers», omitiendo
2021-12-10 00:02:26.823  WARN 11324 --- [main] o.h.engine.jdbc.spi.SqlExceptionHelper   : SQL Warning Code: 0, SQLState: 00000
2021-12-10 00:02:26.823  WARN 11324 --- [main] o.h.engine.jdbc.spi.SqlExceptionHelper   : no existe la relación «surveys_questions_options_answers», omitiendo
2021-12-10 00:02:26.823  WARN 11324 --- [main] o.h.engine.jdbc.spi.SqlExceptionHelper   : SQL Warning Code: 0, SQLState: 00000
2021-12-10 00:02:26.823  WARN 11324 --- [main] o.h.engine.jdbc.spi.SqlExceptionHelper   : no existe la relación «tickets», omitiendo
2021-12-10 00:02:26.824  WARN 11324 --- [main] o.h.engine.jdbc.spi.SqlExceptionHelper   : SQL Warning Code: 0, SQLState: 00000
2021-12-10 00:02:26.824  WARN 11324 --- [main] o.h.engine.jdbc.spi.SqlExceptionHelper   : no existe la relación «tickets», omitiendo
2021-12-10 00:02:26.824  WARN 11324 --- [main] o.h.engine.jdbc.spi.SqlExceptionHelper   : SQL Warning Code: 0, SQLState: 00000
2021-12-10 00:02:26.824  WARN 11324 --- [main] o.h.engine.jdbc.spi.SqlExceptionHelper   : no existe la relación «users_clothes», omitiendo
2021-12-10 00:02:26.825  WARN 11324 --- [main] o.h.engine.jdbc.spi.SqlExceptionHelper   : SQL Warning Code: 0, SQLState: 00000
2021-12-10 00:02:26.825  WARN 11324 --- [main] o.h.engine.jdbc.spi.SqlExceptionHelper   : no existe la relación «users_clothes», omitiendo
2021-12-10 00:02:26.825  WARN 11324 --- [main] o.h.engine.jdbc.spi.SqlExceptionHelper   : SQL Warning Code: 0, SQLState: 00000
2021-12-10 00:02:26.825  WARN 11324 --- [main] o.h.engine.jdbc.spi.SqlExceptionHelper   : no existe la relación «users_clothes», omitiendo
2021-12-10 00:02:26.826  WARN 11324 --- [main] o.h.engine.jdbc.spi.SqlExceptionHelper   : SQL Warning Code: 0, SQLState: 00000
2021-12-10 00:02:26.826  WARN 11324 --- [main] o.h.engine.jdbc.spi.SqlExceptionHelper   : no existe la relación «users_meeting_minutes», omitiendo
2021-12-10 00:02:26.826  WARN 11324 --- [main] o.h.engine.jdbc.spi.SqlExceptionHelper   : SQL Warning Code: 0, SQLState: 00000
2021-12-10 00:02:26.826  WARN 11324 --- [main] o.h.engine.jdbc.spi.SqlExceptionHelper   : no existe la relación «users_meeting_minutes», omitiendo
2021-12-10 00:02:26.827  WARN 11324 --- [main] o.h.engine.jdbc.spi.SqlExceptionHelper   : SQL Warning Code: 0, SQLState: 00000
2021-12-10 00:02:26.827  WARN 11324 --- [main] o.h.engine.jdbc.spi.SqlExceptionHelper   : no existe la relación «users_roles», omitiendo
2021-12-10 00:02:26.827  WARN 11324 --- [main] o.h.engine.jdbc.spi.SqlExceptionHelper   : SQL Warning Code: 0, SQLState: 00000
2021-12-10 00:02:26.827  WARN 11324 --- [main] o.h.engine.jdbc.spi.SqlExceptionHelper   : no existe la relación «users_roles», omitiendo
2021-12-10 00:02:26.828  WARN 11324 --- [main] o.h.engine.jdbc.spi.SqlExceptionHelper   : SQL Warning Code: 0, SQLState: 00000
2021-12-10 00:02:26.828  WARN 11324 --- [main] o.h.engine.jdbc.spi.SqlExceptionHelper   : la tabla «clothe_scales» no existe, omitiendo
2021-12-10 00:02:26.829  WARN 11324 --- [main] o.h.engine.jdbc.spi.SqlExceptionHelper   : SQL Warning Code: 0, SQLState: 00000
2021-12-10 00:02:26.829  WARN 11324 --- [main] o.h.engine.jdbc.spi.SqlExceptionHelper   : la tabla «clothe_types» no existe, omitiendo
2021-12-10 00:02:26.829  WARN 11324 --- [main] o.h.engine.jdbc.spi.SqlExceptionHelper   : SQL Warning Code: 0, SQLState: 00000
2021-12-10 00:02:26.829  WARN 11324 --- [main] o.h.engine.jdbc.spi.SqlExceptionHelper   : la tabla «clothes» no existe, omitiendo
2021-12-10 00:02:26.830  WARN 11324 --- [main] o.h.engine.jdbc.spi.SqlExceptionHelper   : SQL Warning Code: 0, SQLState: 00000
2021-12-10 00:02:26.830  WARN 11324 --- [main] o.h.engine.jdbc.spi.SqlExceptionHelper   : la tabla «composers» no existe, omitiendo
2021-12-10 00:02:26.830  WARN 11324 --- [main] o.h.engine.jdbc.spi.SqlExceptionHelper   : SQL Warning Code: 0, SQLState: 00000
2021-12-10 00:02:26.830  WARN 11324 --- [main] o.h.engine.jdbc.spi.SqlExceptionHelper   : la tabla «errors» no existe, omitiendo
2021-12-10 00:02:26.831  WARN 11324 --- [main] o.h.engine.jdbc.spi.SqlExceptionHelper   : SQL Warning Code: 0, SQLState: 00000
2021-12-10 00:02:26.831  WARN 11324 --- [main] o.h.engine.jdbc.spi.SqlExceptionHelper   : la tabla «meeting_minutes» no existe, omitiendo
2021-12-10 00:02:26.832  WARN 11324 --- [main] o.h.engine.jdbc.spi.SqlExceptionHelper   : SQL Warning Code: 0, SQLState: 00000
2021-12-10 00:02:26.832  WARN 11324 --- [main] o.h.engine.jdbc.spi.SqlExceptionHelper   : la tabla «musical_resources» no existe, omitiendo
2021-12-10 00:02:26.832  WARN 11324 --- [main] o.h.engine.jdbc.spi.SqlExceptionHelper   : SQL Warning Code: 0, SQLState: 00000
2021-12-10 00:02:26.833  WARN 11324 --- [main] o.h.engine.jdbc.spi.SqlExceptionHelper   : la tabla «musical_resources_types» no existe, omitiendo
2021-12-10 00:02:26.833  WARN 11324 --- [main] o.h.engine.jdbc.spi.SqlExceptionHelper   : SQL Warning Code: 0, SQLState: 00000
2021-12-10 00:02:26.833  WARN 11324 --- [main] o.h.engine.jdbc.spi.SqlExceptionHelper   : la tabla «news» no existe, omitiendo
2021-12-10 00:02:26.834  WARN 11324 --- [main] o.h.engine.jdbc.spi.SqlExceptionHelper   : SQL Warning Code: 0, SQLState: 00000
2021-12-10 00:02:26.834  WARN 11324 --- [main] o.h.engine.jdbc.spi.SqlExceptionHelper   : la tabla «news_content» no existe, omitiendo
2021-12-10 00:02:26.834  WARN 11324 --- [main] o.h.engine.jdbc.spi.SqlExceptionHelper   : SQL Warning Code: 0, SQLState: 00000
2021-12-10 00:02:26.834  WARN 11324 --- [main] o.h.engine.jdbc.spi.SqlExceptionHelper   : la tabla «news_content_types» no existe, omitiendo
2021-12-10 00:02:26.835  WARN 11324 --- [main] o.h.engine.jdbc.spi.SqlExceptionHelper   : SQL Warning Code: 0, SQLState: 00000
2021-12-10 00:02:26.835  WARN 11324 --- [main] o.h.engine.jdbc.spi.SqlExceptionHelper   : la tabla «roles» no existe, omitiendo
2021-12-10 00:02:26.835  WARN 11324 --- [main] o.h.engine.jdbc.spi.SqlExceptionHelper   : SQL Warning Code: 0, SQLState: 00000
2021-12-10 00:02:26.835  WARN 11324 --- [main] o.h.engine.jdbc.spi.SqlExceptionHelper   : la tabla «shows» no existe, omitiendo
2021-12-10 00:02:26.836  WARN 11324 --- [main] o.h.engine.jdbc.spi.SqlExceptionHelper   : SQL Warning Code: 0, SQLState: 00000
2021-12-10 00:02:26.836  WARN 11324 --- [main] o.h.engine.jdbc.spi.SqlExceptionHelper   : la tabla «songs» no existe, omitiendo
2021-12-10 00:02:26.836  WARN 11324 --- [main] o.h.engine.jdbc.spi.SqlExceptionHelper   : SQL Warning Code: 0, SQLState: 00000
2021-12-10 00:02:26.836  WARN 11324 --- [main] o.h.engine.jdbc.spi.SqlExceptionHelper   : la tabla «surveys» no existe, omitiendo
2021-12-10 00:02:26.837  WARN 11324 --- [main] o.h.engine.jdbc.spi.SqlExceptionHelper   : SQL Warning Code: 0, SQLState: 00000
2021-12-10 00:02:26.837  WARN 11324 --- [main] o.h.engine.jdbc.spi.SqlExceptionHelper   : la tabla «surveys_questions» no existe, omitiendo
2021-12-10 00:02:26.837  WARN 11324 --- [main] o.h.engine.jdbc.spi.SqlExceptionHelper   : SQL Warning Code: 0, SQLState: 00000
2021-12-10 00:02:26.837  WARN 11324 --- [main] o.h.engine.jdbc.spi.SqlExceptionHelper   : la tabla «surveys_questions_answers» no existe, omitiendo
2021-12-10 00:02:26.838  WARN 11324 --- [main] o.h.engine.jdbc.spi.SqlExceptionHelper   : SQL Warning Code: 0, SQLState: 00000
2021-12-10 00:02:26.838  WARN 11324 --- [main] o.h.engine.jdbc.spi.SqlExceptionHelper   : la tabla «surveys_questions_options» no existe, omitiendo
2021-12-10 00:02:26.838  WARN 11324 --- [main] o.h.engine.jdbc.spi.SqlExceptionHelper   : SQL Warning Code: 0, SQLState: 00000
2021-12-10 00:02:26.838  WARN 11324 --- [main] o.h.engine.jdbc.spi.SqlExceptionHelper   : la tabla «surveys_questions_options_answers» no existe, omitiendo
2021-12-10 00:02:26.839  WARN 11324 --- [main] o.h.engine.jdbc.spi.SqlExceptionHelper   : SQL Warning Code: 0, SQLState: 00000
2021-12-10 00:02:26.839  WARN 11324 --- [main] o.h.engine.jdbc.spi.SqlExceptionHelper   : la tabla «surveys_questions_types» no existe, omitiendo
2021-12-10 00:02:26.839  WARN 11324 --- [main] o.h.engine.jdbc.spi.SqlExceptionHelper   : SQL Warning Code: 0, SQLState: 00000
2021-12-10 00:02:26.839  WARN 11324 --- [main] o.h.engine.jdbc.spi.SqlExceptionHelper   : la tabla «tickets» no existe, omitiendo
2021-12-10 00:02:26.840  WARN 11324 --- [main] o.h.engine.jdbc.spi.SqlExceptionHelper   : SQL Warning Code: 0, SQLState: 00000
2021-12-10 00:02:26.840  WARN 11324 --- [main] o.h.engine.jdbc.spi.SqlExceptionHelper   : la tabla «users» no existe, omitiendo
2021-12-10 00:02:26.840  WARN 11324 --- [main] o.h.engine.jdbc.spi.SqlExceptionHelper   : SQL Warning Code: 0, SQLState: 00000
2021-12-10 00:02:26.840  WARN 11324 --- [main] o.h.engine.jdbc.spi.SqlExceptionHelper   : la tabla «users_clothes» no existe, omitiendo
2021-12-10 00:02:26.841  WARN 11324 --- [main] o.h.engine.jdbc.spi.SqlExceptionHelper   : SQL Warning Code: 0, SQLState: 00000
2021-12-10 00:02:26.841  WARN 11324 --- [main] o.h.engine.jdbc.spi.SqlExceptionHelper   : la tabla «users_meeting_minutes» no existe, omitiendo
2021-12-10 00:02:26.841  WARN 11324 --- [main] o.h.engine.jdbc.spi.SqlExceptionHelper   : SQL Warning Code: 0, SQLState: 00000
2021-12-10 00:02:26.841  WARN 11324 --- [main] o.h.engine.jdbc.spi.SqlExceptionHelper   : la tabla «users_roles» no existe, omitiendo
2021-12-10 00:02:26.842  WARN 11324 --- [main] o.h.engine.jdbc.spi.SqlExceptionHelper   : SQL Warning Code: 0, SQLState: 00000
2021-12-10 00:02:26.842  WARN 11324 --- [main] o.h.engine.jdbc.spi.SqlExceptionHelper   : la secuencia «hibernate_sequence» no existe, omitiendo
2021-12-10 00:02:27.050  INFO 11324 --- [main] o.h.e.t.j.p.i.JtaPlatformInitiator       : HHH000490: Using JtaPlatform implementation: [org.hibernate.engine.transaction.jta.platform.internal.NoJtaPlatform]
2021-12-10 00:02:27.063  INFO 11324 --- [main] j.LocalContainerEntityManagerFactoryBean : Initialized JPA EntityManagerFactory for persistence unit 'default'
2021-12-10 00:02:27.723  WARN 11324 --- [main] JpaBaseConfiguration$JpaWebConfiguration : spring.jpa.open-in-view is enabled by default. Therefore, database queries may be performed during view rendering. Explicitly configure spring.jpa.open-in-view to disable this warning
2021-12-10 00:02:28.778  INFO 11324 --- [main] o.s.s.web.DefaultSecurityFilterChain     : Will secure any request with [org.springframework.security.web.context.request.async.WebAsyncManagerIntegrationFilter@26a33cf, org.springframework.security.web.context.SecurityContextPersistenceFilter@295d54d6, org.springframework.security.web.header.HeaderWriterFilter@7bbd76b8, org.springframework.security.web.authentication.logout.LogoutFilter@54496c2d, com.gruposei.gestion_orquestas.filters.JwtRequestFilters@37a3ec27, org.springframework.security.web.savedrequest.RequestCacheAwareFilter@4a7db5a, org.springframework.security.web.servletapi.SecurityContextHolderAwareRequestFilter@7a3a49e5, org.springframework.security.web.authentication.AnonymousAuthenticationFilter@29188050, org.springframework.security.web.session.SessionManagementFilter@1bb4c431, org.springframework.security.web.access.ExceptionTranslationFilter@59b98ad1, org.springframework.security.web.access.intercept.FilterSecurityInterceptor@6124dda2]
2021-12-10 00:02:29.425  INFO 11324 --- [main] o.s.b.w.embedded.tomcat.TomcatWebServer  : Tomcat started on port(s): 8080 (http) with context path ''
2021-12-10 00:02:29.435  INFO 11324 --- [main] c.g.g.GestionOrquestasApplication        : Started GestionOrquestasApplication in 7.819 seconds (JVM running for 8.458)
2021-12-10 00:02:32.826  INFO 11324 --- [http-nio-8080-exec-1] o.a.c.c.C.[Tomcat].[localhost].[/]       : Initializing Spring DispatcherServlet 'dispatcherServlet'
2021-12-10 00:02:32.827  INFO 11324 --- [http-nio-8080-exec-1] o.s.web.servlet.DispatcherServlet        : Initializing Servlet 'dispatcherServlet'
2021-12-10 00:02:32.828  INFO 11324 --- [http-nio-8080-exec-1] o.s.web.servlet.DispatcherServlet        : Completed initialization in 1 ms
2021-12-10 00:03:15.975  INFO 11324 --- [SpringApplicationShutdownHook] j.LocalContainerEntityManagerFactoryBean : Closing JPA EntityManagerFactory for persistence unit 'default'
2021-12-10 00:03:15.976  INFO 11324 --- [SpringApplicationShutdownHook] .SchemaDropperImpl$DelayedDropActionImpl : HHH000477: Starting delayed evictData of schema as part of SessionFactory shut-down'
2021-12-10 00:03:16.084  INFO 11324 --- [SpringApplicationShutdownHook] com.zaxxer.hikari.HikariDataSource       : HikariPool-1 - Shutdown initiated...
2021-12-10 00:03:16.091  INFO 11324 --- [SpringApplicationShutdownHook] com.zaxxer.hikari.HikariDataSource       : HikariPool-1 - Shutdown completed.
2021-12-10 00:03:21.038  INFO 13024 --- [main] c.g.g.GestionOrquestasApplication        : Starting GestionOrquestasApplication using Java 1.8.0_302 on DESKTOP-VHDC6FE with PID 13024 (D:\Descargas\DP\gestion_orquestas\target\classes started by Dabeer in D:\Descargas\DP\gestion_orquestas)
2021-12-10 00:03:21.042  INFO 13024 --- [main] c.g.g.GestionOrquestasApplication        : No active profile set, falling back to default profiles: default
2021-12-10 00:03:21.855  INFO 13024 --- [main] .s.d.r.c.RepositoryConfigurationDelegate : Bootstrapping Spring Data JPA repositories in DEFAULT mode.
2021-12-10 00:03:21.988  INFO 13024 --- [main] .s.d.r.c.RepositoryConfigurationDelegate : Finished Spring Data repository scanning in 121 ms. Found 23 JPA repository interfaces.
2021-12-10 00:03:23.241  INFO 13024 --- [main] o.s.b.w.embedded.tomcat.TomcatWebServer  : Tomcat initialized with port(s): 8080 (http)
2021-12-10 00:03:23.258  INFO 13024 --- [main] o.apache.catalina.core.StandardService   : Starting service [Tomcat]
2021-12-10 00:03:23.258  INFO 13024 --- [main] org.apache.catalina.core.StandardEngine  : Starting Servlet engine: [Apache Tomcat/9.0.53]
2021-12-10 00:03:23.395  INFO 13024 --- [main] o.a.c.c.C.[Tomcat].[localhost].[/]       : Initializing Spring embedded WebApplicationContext
2021-12-10 00:03:23.396  INFO 13024 --- [main] w.s.c.ServletWebServerApplicationContext : Root WebApplicationContext: initialization completed in 2270 ms
2021-12-10 00:03:23.684  INFO 13024 --- [main] o.hibernate.jpa.internal.util.LogHelper  : HHH000204: Processing PersistenceUnitInfo [name: default]
2021-12-10 00:03:23.762  INFO 13024 --- [main] org.hibernate.Version                    : HHH000412: Hibernate ORM core version 5.4.32.Final
2021-12-10 00:03:24.046  INFO 13024 --- [main] o.hibernate.annotations.common.Version   : HCANN000001: Hibernate Commons Annotations {5.1.2.Final}
2021-12-10 00:03:24.184  INFO 13024 --- [main] com.zaxxer.hikari.HikariDataSource       : HikariPool-1 - Starting...
2021-12-10 00:03:24.444  INFO 13024 --- [main] com.zaxxer.hikari.HikariDataSource       : HikariPool-1 - Start completed.
2021-12-10 00:03:24.468  INFO 13024 --- [main] org.hibernate.dialect.Dialect            : HHH000400: Using dialect: org.hibernate.dialect.PostgreSQL95Dialect
2021-12-10 00:03:25.016  WARN 13024 --- [main] org.hibernate.mapping.RootClass          : HHH000038: Composite-id class does not override equals(): com.gruposei.gestion_orquestas.model.UserClothKey
2021-12-10 00:03:25.017  WARN 13024 --- [main] org.hibernate.mapping.RootClass          : HHH000039: Composite-id class does not override hashCode(): com.gruposei.gestion_orquestas.model.UserClothKey
2021-12-10 00:03:25.017  WARN 13024 --- [main] org.hibernate.mapping.RootClass          : HHH000038: Composite-id class does not override equals(): com.gruposei.gestion_orquestas.model.SurveyQuestionAnswerKey
2021-12-10 00:03:25.018  WARN 13024 --- [main] org.hibernate.mapping.RootClass          : HHH000039: Composite-id class does not override hashCode(): com.gruposei.gestion_orquestas.model.SurveyQuestionAnswerKey
2021-12-10 00:03:25.025  WARN 13024 --- [main] org.hibernate.mapping.RootClass          : HHH000038: Composite-id class does not override equals(): com.gruposei.gestion_orquestas.model.SurveyQuestionOptionAnswerKey
2021-12-10 00:03:25.025  WARN 13024 --- [main] org.hibernate.mapping.RootClass          : HHH000039: Composite-id class does not override hashCode(): com.gruposei.gestion_orquestas.model.SurveyQuestionOptionAnswerKey
2021-12-10 00:03:25.684  WARN 13024 --- [main] o.h.engine.jdbc.spi.SqlExceptionHelper   : SQL Warning Code: 0, SQLState: 00000
2021-12-10 00:03:25.684  WARN 13024 --- [main] o.h.engine.jdbc.spi.SqlExceptionHelper   : no existe la relación «clothe_scales», omitiendo
2021-12-10 00:03:25.685  WARN 13024 --- [main] o.h.engine.jdbc.spi.SqlExceptionHelper   : SQL Warning Code: 0, SQLState: 00000
2021-12-10 00:03:25.685  WARN 13024 --- [main] o.h.engine.jdbc.spi.SqlExceptionHelper   : no existe la relación «clothes», omitiendo
2021-12-10 00:03:25.686  WARN 13024 --- [main] o.h.engine.jdbc.spi.SqlExceptionHelper   : SQL Warning Code: 0, SQLState: 00000
2021-12-10 00:03:25.686  WARN 13024 --- [main] o.h.engine.jdbc.spi.SqlExceptionHelper   : no existe la relación «musical_resources», omitiendo
2021-12-10 00:03:25.686  WARN 13024 --- [main] o.h.engine.jdbc.spi.SqlExceptionHelper   : SQL Warning Code: 0, SQLState: 00000
2021-12-10 00:03:25.686  WARN 13024 --- [main] o.h.engine.jdbc.spi.SqlExceptionHelper   : no existe la relación «musical_resources», omitiendo
2021-12-10 00:03:25.686  WARN 13024 --- [main] o.h.engine.jdbc.spi.SqlExceptionHelper   : SQL Warning Code: 0, SQLState: 00000
2021-12-10 00:03:25.687  WARN 13024 --- [main] o.h.engine.jdbc.spi.SqlExceptionHelper   : no existe la relación «news», omitiendo
2021-12-10 00:03:25.687  WARN 13024 --- [main] o.h.engine.jdbc.spi.SqlExceptionHelper   : SQL Warning Code: 0, SQLState: 00000
2021-12-10 00:03:25.687  WARN 13024 --- [main] o.h.engine.jdbc.spi.SqlExceptionHelper   : no existe la relación «news_content», omitiendo
2021-12-10 00:03:25.687  WARN 13024 --- [main] o.h.engine.jdbc.spi.SqlExceptionHelper   : SQL Warning Code: 0, SQLState: 00000
2021-12-10 00:03:25.688  WARN 13024 --- [main] o.h.engine.jdbc.spi.SqlExceptionHelper   : no existe la relación «news_content», omitiendo
2021-12-10 00:03:25.688  WARN 13024 --- [main] o.h.engine.jdbc.spi.SqlExceptionHelper   : SQL Warning Code: 0, SQLState: 00000
2021-12-10 00:03:25.688  WARN 13024 --- [main] o.h.engine.jdbc.spi.SqlExceptionHelper   : no existe la relación «songs», omitiendo
2021-12-10 00:03:25.688  WARN 13024 --- [main] o.h.engine.jdbc.spi.SqlExceptionHelper   : SQL Warning Code: 0, SQLState: 00000
2021-12-10 00:03:25.689  WARN 13024 --- [main] o.h.engine.jdbc.spi.SqlExceptionHelper   : no existe la relación «surveys», omitiendo
2021-12-10 00:03:25.689  WARN 13024 --- [main] o.h.engine.jdbc.spi.SqlExceptionHelper   : SQL Warning Code: 0, SQLState: 00000
2021-12-10 00:03:25.689  WARN 13024 --- [main] o.h.engine.jdbc.spi.SqlExceptionHelper   : no existe la relación «surveys», omitiendo
2021-12-10 00:03:25.689  WARN 13024 --- [main] o.h.engine.jdbc.spi.SqlExceptionHelper   : SQL Warning Code: 0, SQLState: 00000
2021-12-10 00:03:25.689  WARN 13024 --- [main] o.h.engine.jdbc.spi.SqlExceptionHelper   : no existe la relación «surveys_questions», omitiendo
2021-12-10 00:03:25.690  WARN 13024 --- [main] o.h.engine.jdbc.spi.SqlExceptionHelper   : SQL Warning Code: 0, SQLState: 00000
2021-12-10 00:03:25.690  WARN 13024 --- [main] o.h.engine.jdbc.spi.SqlExceptionHelper   : no existe la relación «surveys_questions», omitiendo
2021-12-10 00:03:25.690  WARN 13024 --- [main] o.h.engine.jdbc.spi.SqlExceptionHelper   : SQL Warning Code: 0, SQLState: 00000
2021-12-10 00:03:25.690  WARN 13024 --- [main] o.h.engine.jdbc.spi.SqlExceptionHelper   : no existe la relación «surveys_questions_answers», omitiendo
2021-12-10 00:03:25.691  WARN 13024 --- [main] o.h.engine.jdbc.spi.SqlExceptionHelper   : SQL Warning Code: 0, SQLState: 00000
2021-12-10 00:03:25.691  WARN 13024 --- [main] o.h.engine.jdbc.spi.SqlExceptionHelper   : no existe la relación «surveys_questions_answers», omitiendo
2021-12-10 00:03:25.691  WARN 13024 --- [main] o.h.engine.jdbc.spi.SqlExceptionHelper   : SQL Warning Code: 0, SQLState: 00000
2021-12-10 00:03:25.691  WARN 13024 --- [main] o.h.engine.jdbc.spi.SqlExceptionHelper   : no existe la relación «surveys_questions_options», omitiendo
2021-12-10 00:03:25.692  WARN 13024 --- [main] o.h.engine.jdbc.spi.SqlExceptionHelper   : SQL Warning Code: 0, SQLState: 00000
2021-12-10 00:03:25.692  WARN 13024 --- [main] o.h.engine.jdbc.spi.SqlExceptionHelper   : no existe la relación «surveys_questions_options_answers», omitiendo
2021-12-10 00:03:25.693  WARN 13024 --- [main] o.h.engine.jdbc.spi.SqlExceptionHelper   : SQL Warning Code: 0, SQLState: 00000
2021-12-10 00:03:25.693  WARN 13024 --- [main] o.h.engine.jdbc.spi.SqlExceptionHelper   : no existe la relación «surveys_questions_options_answers», omitiendo
2021-12-10 00:03:25.693  WARN 13024 --- [main] o.h.engine.jdbc.spi.SqlExceptionHelper   : SQL Warning Code: 0, SQLState: 00000
2021-12-10 00:03:25.693  WARN 13024 --- [main] o.h.engine.jdbc.spi.SqlExceptionHelper   : no existe la relación «tickets», omitiendo
2021-12-10 00:03:25.694  WARN 13024 --- [main] o.h.engine.jdbc.spi.SqlExceptionHelper   : SQL Warning Code: 0, SQLState: 00000
2021-12-10 00:03:25.694  WARN 13024 --- [main] o.h.engine.jdbc.spi.SqlExceptionHelper   : no existe la relación «tickets», omitiendo
2021-12-10 00:03:25.694  WARN 13024 --- [main] o.h.engine.jdbc.spi.SqlExceptionHelper   : SQL Warning Code: 0, SQLState: 00000
2021-12-10 00:03:25.694  WARN 13024 --- [main] o.h.engine.jdbc.spi.SqlExceptionHelper   : no existe la relación «users_clothes», omitiendo
2021-12-10 00:03:25.694  WARN 13024 --- [main] o.h.engine.jdbc.spi.SqlExceptionHelper   : SQL Warning Code: 0, SQLState: 00000
2021-12-10 00:03:25.695  WARN 13024 --- [main] o.h.engine.jdbc.spi.SqlExceptionHelper   : no existe la relación «users_clothes», omitiendo
2021-12-10 00:03:25.695  WARN 13024 --- [main] o.h.engine.jdbc.spi.SqlExceptionHelper   : SQL Warning Code: 0, SQLState: 00000
2021-12-10 00:03:25.695  WARN 13024 --- [main] o.h.engine.jdbc.spi.SqlExceptionHelper   : no existe la relación «users_clothes», omitiendo
2021-12-10 00:03:25.696  WARN 13024 --- [main] o.h.engine.jdbc.spi.SqlExceptionHelper   : SQL Warning Code: 0, SQLState: 00000
2021-12-10 00:03:25.696  WARN 13024 --- [main] o.h.engine.jdbc.spi.SqlExceptionHelper   : no existe la relación «users_meeting_minutes», omitiendo
2021-12-10 00:03:25.696  WARN 13024 --- [main] o.h.engine.jdbc.spi.SqlExceptionHelper   : SQL Warning Code: 0, SQLState: 00000
2021-12-10 00:03:25.696  WARN 13024 --- [main] o.h.engine.jdbc.spi.SqlExceptionHelper   : no existe la relación «users_meeting_minutes», omitiendo
2021-12-10 00:03:25.696  WARN 13024 --- [main] o.h.engine.jdbc.spi.SqlExceptionHelper   : SQL Warning Code: 0, SQLState: 00000
2021-12-10 00:03:25.697  WARN 13024 --- [main] o.h.engine.jdbc.spi.SqlExceptionHelper   : no existe la relación «users_roles», omitiendo
2021-12-10 00:03:25.697  WARN 13024 --- [main] o.h.engine.jdbc.spi.SqlExceptionHelper   : SQL Warning Code: 0, SQLState: 00000
2021-12-10 00:03:25.697  WARN 13024 --- [main] o.h.engine.jdbc.spi.SqlExceptionHelper   : no existe la relación «users_roles», omitiendo
2021-12-10 00:03:25.698  WARN 13024 --- [main] o.h.engine.jdbc.spi.SqlExceptionHelper   : SQL Warning Code: 0, SQLState: 00000
2021-12-10 00:03:25.698  WARN 13024 --- [main] o.h.engine.jdbc.spi.SqlExceptionHelper   : la tabla «clothe_scales» no existe, omitiendo
2021-12-10 00:03:25.699  WARN 13024 --- [main] o.h.engine.jdbc.spi.SqlExceptionHelper   : SQL Warning Code: 0, SQLState: 00000
2021-12-10 00:03:25.699  WARN 13024 --- [main] o.h.engine.jdbc.spi.SqlExceptionHelper   : la tabla «clothe_types» no existe, omitiendo
2021-12-10 00:03:25.699  WARN 13024 --- [main] o.h.engine.jdbc.spi.SqlExceptionHelper   : SQL Warning Code: 0, SQLState: 00000
2021-12-10 00:03:25.699  WARN 13024 --- [main] o.h.engine.jdbc.spi.SqlExceptionHelper   : la tabla «clothes» no existe, omitiendo
2021-12-10 00:03:25.700  WARN 13024 --- [main] o.h.engine.jdbc.spi.SqlExceptionHelper   : SQL Warning Code: 0, SQLState: 00000
2021-12-10 00:03:25.700  WARN 13024 --- [main] o.h.engine.jdbc.spi.SqlExceptionHelper   : la tabla «composers» no existe, omitiendo
2021-12-10 00:03:25.700  WARN 13024 --- [main] o.h.engine.jdbc.spi.SqlExceptionHelper   : SQL Warning Code: 0, SQLState: 00000
2021-12-10 00:03:25.700  WARN 13024 --- [main] o.h.engine.jdbc.spi.SqlExceptionHelper   : la tabla «errors» no existe, omitiendo
2021-12-10 00:03:25.701  WARN 13024 --- [main] o.h.engine.jdbc.spi.SqlExceptionHelper   : SQL Warning Code: 0, SQLState: 00000
2021-12-10 00:03:25.701  WARN 13024 --- [main] o.h.engine.jdbc.spi.SqlExceptionHelper   : la tabla «meeting_minutes» no existe, omitiendo
2021-12-10 00:03:25.702  WARN 13024 --- [main] o.h.engine.jdbc.spi.SqlExceptionHelper   : SQL Warning Code: 0, SQLState: 00000
2021-12-10 00:03:25.702  WARN 13024 --- [main] o.h.engine.jdbc.spi.SqlExceptionHelper   : la tabla «musical_resources» no existe, omitiendo
2021-12-10 00:03:25.702  WARN 13024 --- [main] o.h.engine.jdbc.spi.SqlExceptionHelper   : SQL Warning Code: 0, SQLState: 00000
2021-12-10 00:03:25.702  WARN 13024 --- [main] o.h.engine.jdbc.spi.SqlExceptionHelper   : la tabla «musical_resources_types» no existe, omitiendo
2021-12-10 00:03:25.703  WARN 13024 --- [main] o.h.engine.jdbc.spi.SqlExceptionHelper   : SQL Warning Code: 0, SQLState: 00000
2021-12-10 00:03:25.703  WARN 13024 --- [main] o.h.engine.jdbc.spi.SqlExceptionHelper   : la tabla «news» no existe, omitiendo
2021-12-10 00:03:25.703  WARN 13024 --- [main] o.h.engine.jdbc.spi.SqlExceptionHelper   : SQL Warning Code: 0, SQLState: 00000
2021-12-10 00:03:25.703  WARN 13024 --- [main] o.h.engine.jdbc.spi.SqlExceptionHelper   : la tabla «news_content» no existe, omitiendo
2021-12-10 00:03:25.704  WARN 13024 --- [main] o.h.engine.jdbc.spi.SqlExceptionHelper   : SQL Warning Code: 0, SQLState: 00000
2021-12-10 00:03:25.704  WARN 13024 --- [main] o.h.engine.jdbc.spi.SqlExceptionHelper   : la tabla «news_content_types» no existe, omitiendo
2021-12-10 00:03:25.704  WARN 13024 --- [main] o.h.engine.jdbc.spi.SqlExceptionHelper   : SQL Warning Code: 0, SQLState: 00000
2021-12-10 00:03:25.704  WARN 13024 --- [main] o.h.engine.jdbc.spi.SqlExceptionHelper   : la tabla «roles» no existe, omitiendo
2021-12-10 00:03:25.704  WARN 13024 --- [main] o.h.engine.jdbc.spi.SqlExceptionHelper   : SQL Warning Code: 0, SQLState: 00000
2021-12-10 00:03:25.704  WARN 13024 --- [main] o.h.engine.jdbc.spi.SqlExceptionHelper   : la tabla «shows» no existe, omitiendo
2021-12-10 00:03:25.705  WARN 13024 --- [main] o.h.engine.jdbc.spi.SqlExceptionHelper   : SQL Warning Code: 0, SQLState: 00000
2021-12-10 00:03:25.705  WARN 13024 --- [main] o.h.engine.jdbc.spi.SqlExceptionHelper   : la tabla «songs» no existe, omitiendo
2021-12-10 00:03:25.705  WARN 13024 --- [main] o.h.engine.jdbc.spi.SqlExceptionHelper   : SQL Warning Code: 0, SQLState: 00000
2021-12-10 00:03:25.705  WARN 13024 --- [main] o.h.engine.jdbc.spi.SqlExceptionHelper   : la tabla «surveys» no existe, omitiendo
2021-12-10 00:03:25.706  WARN 13024 --- [main] o.h.engine.jdbc.spi.SqlExceptionHelper   : SQL Warning Code: 0, SQLState: 00000
2021-12-10 00:03:25.706  WARN 13024 --- [main] o.h.engine.jdbc.spi.SqlExceptionHelper   : la tabla «surveys_questions» no existe, omitiendo
2021-12-10 00:03:25.706  WARN 13024 --- [main] o.h.engine.jdbc.spi.SqlExceptionHelper   : SQL Warning Code: 0, SQLState: 00000
2021-12-10 00:03:25.706  WARN 13024 --- [main] o.h.engine.jdbc.spi.SqlExceptionHelper   : la tabla «surveys_questions_answers» no existe, omitiendo
2021-12-10 00:03:25.706  WARN 13024 --- [main] o.h.engine.jdbc.spi.SqlExceptionHelper   : SQL Warning Code: 0, SQLState: 00000
2021-12-10 00:03:25.706  WARN 13024 --- [main] o.h.engine.jdbc.spi.SqlExceptionHelper   : la tabla «surveys_questions_options» no existe, omitiendo
2021-12-10 00:03:25.707  WARN 13024 --- [main] o.h.engine.jdbc.spi.SqlExceptionHelper   : SQL Warning Code: 0, SQLState: 00000
2021-12-10 00:03:25.707  WARN 13024 --- [main] o.h.engine.jdbc.spi.SqlExceptionHelper   : la tabla «surveys_questions_options_answers» no existe, omitiendo
2021-12-10 00:03:25.707  WARN 13024 --- [main] o.h.engine.jdbc.spi.SqlExceptionHelper   : SQL Warning Code: 0, SQLState: 00000
2021-12-10 00:03:25.707  WARN 13024 --- [main] o.h.engine.jdbc.spi.SqlExceptionHelper   : la tabla «surveys_questions_types» no existe, omitiendo
2021-12-10 00:03:25.708  WARN 13024 --- [main] o.h.engine.jdbc.spi.SqlExceptionHelper   : SQL Warning Code: 0, SQLState: 00000
2021-12-10 00:03:25.708  WARN 13024 --- [main] o.h.engine.jdbc.spi.SqlExceptionHelper   : la tabla «tickets» no existe, omitiendo
2021-12-10 00:03:25.708  WARN 13024 --- [main] o.h.engine.jdbc.spi.SqlExceptionHelper   : SQL Warning Code: 0, SQLState: 00000
2021-12-10 00:03:25.708  WARN 13024 --- [main] o.h.engine.jdbc.spi.SqlExceptionHelper   : la tabla «users» no existe, omitiendo
2021-12-10 00:03:25.708  WARN 13024 --- [main] o.h.engine.jdbc.spi.SqlExceptionHelper   : SQL Warning Code: 0, SQLState: 00000
2021-12-10 00:03:25.708  WARN 13024 --- [main] o.h.engine.jdbc.spi.SqlExceptionHelper   : la tabla «users_clothes» no existe, omitiendo
2021-12-10 00:03:25.709  WARN 13024 --- [main] o.h.engine.jdbc.spi.SqlExceptionHelper   : SQL Warning Code: 0, SQLState: 00000
2021-12-10 00:03:25.709  WARN 13024 --- [main] o.h.engine.jdbc.spi.SqlExceptionHelper   : la tabla «users_meeting_minutes» no existe, omitiendo
2021-12-10 00:03:25.709  WARN 13024 --- [main] o.h.engine.jdbc.spi.SqlExceptionHelper   : SQL Warning Code: 0, SQLState: 00000
2021-12-10 00:03:25.709  WARN 13024 --- [main] o.h.engine.jdbc.spi.SqlExceptionHelper   : la tabla «users_roles» no existe, omitiendo
2021-12-10 00:03:25.711  WARN 13024 --- [main] o.h.engine.jdbc.spi.SqlExceptionHelper   : SQL Warning Code: 0, SQLState: 00000
2021-12-10 00:03:25.711  WARN 13024 --- [main] o.h.engine.jdbc.spi.SqlExceptionHelper   : la secuencia «hibernate_sequence» no existe, omitiendo
2021-12-10 00:03:25.901  INFO 13024 --- [main] o.h.e.t.j.p.i.JtaPlatformInitiator       : HHH000490: Using JtaPlatform implementation: [org.hibernate.engine.transaction.jta.platform.internal.NoJtaPlatform]
2021-12-10 00:03:25.915  INFO 13024 --- [main] j.LocalContainerEntityManagerFactoryBean : Initialized JPA EntityManagerFactory for persistence unit 'default'
2021-12-10 00:03:26.540  WARN 13024 --- [main] JpaBaseConfiguration$JpaWebConfiguration : spring.jpa.open-in-view is enabled by default. Therefore, database queries may be performed during view rendering. Explicitly configure spring.jpa.open-in-view to disable this warning
2021-12-10 00:03:27.474  INFO 13024 --- [main] o.s.s.web.DefaultSecurityFilterChain     : Will secure any request with [org.springframework.security.web.context.request.async.WebAsyncManagerIntegrationFilter@7976e536, org.springframework.security.web.context.SecurityContextPersistenceFilter@45c408a4, org.springframework.security.web.header.HeaderWriterFilter@54687fd0, org.springframework.security.web.authentication.logout.LogoutFilter@7d17906, com.gruposei.gestion_orquestas.filters.JwtRequestFilters@ba562e0, org.springframework.security.web.savedrequest.RequestCacheAwareFilter@543da15, org.springframework.security.web.servletapi.SecurityContextHolderAwareRequestFilter@6f4adaab, org.springframework.security.web.authentication.AnonymousAuthenticationFilter@670a4738, org.springframework.security.web.session.SessionManagementFilter@16f4a3c0, org.springframework.security.web.access.ExceptionTranslationFilter@56b66a26, org.springframework.security.web.access.intercept.FilterSecurityInterceptor@39e7e040]
2021-12-10 00:03:28.082  INFO 13024 --- [main] o.s.b.w.embedded.tomcat.TomcatWebServer  : Tomcat started on port(s): 8080 (http) with context path ''
2021-12-10 00:03:28.092  INFO 13024 --- [main] c.g.g.GestionOrquestasApplication        : Started GestionOrquestasApplication in 7.629 seconds (JVM running for 8.288)
2021-12-10 00:03:31.250  INFO 13024 --- [http-nio-8080-exec-2] o.a.c.c.C.[Tomcat].[localhost].[/]       : Initializing Spring DispatcherServlet 'dispatcherServlet'
2021-12-10 00:03:31.250  INFO 13024 --- [http-nio-8080-exec-2] o.s.web.servlet.DispatcherServlet        : Initializing Servlet 'dispatcherServlet'
2021-12-10 00:03:31.252  INFO 13024 --- [http-nio-8080-exec-2] o.s.web.servlet.DispatcherServlet        : Completed initialization in 2 ms
2021-12-10 00:03:59.305  INFO 13024 --- [SpringApplicationShutdownHook] j.LocalContainerEntityManagerFactoryBean : Closing JPA EntityManagerFactory for persistence unit 'default'
2021-12-10 00:03:59.306  INFO 13024 --- [SpringApplicationShutdownHook] .SchemaDropperImpl$DelayedDropActionImpl : HHH000477: Starting delayed evictData of schema as part of SessionFactory shut-down'
2021-12-10 00:03:59.425  INFO 13024 --- [SpringApplicationShutdownHook] com.zaxxer.hikari.HikariDataSource       : HikariPool-1 - Shutdown initiated...
2021-12-10 00:03:59.432  INFO 13024 --- [SpringApplicationShutdownHook] com.zaxxer.hikari.HikariDataSource       : HikariPool-1 - Shutdown completed.
